E:\NGONNGULAPTRINH\KYTHUATLAPTRINH\THUCHANH\THKTLT_N2_T6_LEMINHNHUT\THKTLT_N2_T6_LEMINHNHUT\DEBUG\SOURCE.OBJ
E:\NGONNGULAPTRINH\KYTHUATLAPTRINH\THUCHANH\THKTLT_N2_T6_LEMINHNHUT\THKTLT_N2_T6_LEMINHNHUT\DEBUG\VC110.PDB
E:\NGONNGULAPTRINH\KYTHUATLAPTRINH\THUCHANH\THKTLT_N2_T6_LEMINHNHUT\DEBUG\BAITOANBALO.ILK
E:\NGONNGULAPTRINH\KYTHUATLAPTRINH\THUCHANH\THKTLT_N2_T6_LEMINHNHUT\DEBUG\BAITOANBALO.EXE
E:\NGONNGULAPTRINH\KYTHUATLAPTRINH\THUCHANH\THKTLT_N2_T6_LEMINHNHUT\DEBUG\BAITOANBALO.PDB
E:\NgonNguLapTrinh\KyThuatLapTrinh\ThucHanh\THKTLT_N2_T6_LeMinhNhut\THKTLT_N2_T6_LeMinhNhut\Debug\Source.obj
E:\NgonNguLapTrinh\KyThuatLapTrinh\ThucHanh\THKTLT_N2_T6_LeMinhNhut\THKTLT_N2_T6_LeMinhNhut\Debug\cl.command.1.tlog
E:\NgonNguLapTrinh\KyThuatLapTrinh\ThucHanh\THKTLT_N2_T6_LeMinhNhut\THKTLT_N2_T6_LeMinhNhut\Debug\CL.read.1.tlog
E:\NgonNguLapTrinh\KyThuatLapTrinh\ThucHanh\THKTLT_N2_T6_LeMinhNhut\THKTLT_N2_T6_LeMinhNhut\Debug\CL.write.1.tlog
E:\NgonNguLapTrinh\KyThuatLapTrinh\ThucHanh\THKTLT_N2_T6_LeMinhNhut\THKTLT_N2_T6_LeMinhNhut\Debug\link-cvtres.read.1.tlog
E:\NgonNguLapTrinh\KyThuatLapTrinh\ThucHanh\THKTLT_N2_T6_LeMinhNhut\THKTLT_N2_T6_LeMinhNhut\Debug\link-cvtres.write.1.tlog
E:\NgonNguLapTrinh\KyThuatLapTrinh\ThucHanh\THKTLT_N2_T6_LeMinhNhut\THKTLT_N2_T6_LeMinhNhut\Debug\link-rc.read.1.tlog
E:\NgonNguLapTrinh\KyThuatLapTrinh\ThucHanh\THKTLT_N2_T6_LeMinhNhut\THKTLT_N2_T6_LeMinhNhut\Debug\link-rc.write.1.tlog
E:\NgonNguLapTrinh\KyThuatLapTrinh\ThucHanh\THKTLT_N2_T6_LeMinhNhut\THKTLT_N2_T6_LeMinhNhut\Debug\link.6628-cvtres.read.1.tlog
E:\NgonNguLapTrinh\KyThuatLapTrinh\ThucHanh\THKTLT_N2_T6_LeMinhNhut\THKTLT_N2_T6_LeMinhNhut\Debug\link.6628-cvtres.write.1.tlog
E:\NgonNguLapTrinh\KyThuatLapTrinh\ThucHanh\THKTLT_N2_T6_LeMinhNhut\THKTLT_N2_T6_LeMinhNhut\Debug\link.6628-rc.read.1.tlog
E:\NgonNguLapTrinh\KyThuatLapTrinh\ThucHanh\THKTLT_N2_T6_LeMinhNhut\THKTLT_N2_T6_LeMinhNhut\Debug\link.6628-rc.write.1.tlog
E:\NgonNguLapTrinh\KyThuatLapTrinh\ThucHanh\THKTLT_N2_T6_LeMinhNhut\THKTLT_N2_T6_LeMinhNhut\Debug\link.6628.read.1.tlog
E:\NgonNguLapTrinh\KyThuatLapTrinh\ThucHanh\THKTLT_N2_T6_LeMinhNhut\THKTLT_N2_T6_LeMinhNhut\Debug\link.6628.write.1.tlog
E:\NgonNguLapTrinh\KyThuatLapTrinh\ThucHanh\THKTLT_N2_T6_LeMinhNhut\THKTLT_N2_T6_LeMinhNhut\Debug\link.command.1.tlog
E:\NgonNguLapTrinh\KyThuatLapTrinh\ThucHanh\THKTLT_N2_T6_LeMinhNhut\THKTLT_N2_T6_LeMinhNhut\Debug\link.read.1.tlog
E:\NgonNguLapTrinh\KyThuatLapTrinh\ThucHanh\THKTLT_N2_T6_LeMinhNhut\THKTLT_N2_T6_LeMinhNhut\Debug\link.write.1.tlog
E:\NgonNguLapTrinh\KyThuatLapTrinh\ThucHanh\THKTLT_N2_T6_LeMinhNhut\THKTLT_N2_T6_LeMinhNhut\Debug\vc110.idb
E:\NgonNguLapTrinh\KyThuatLapTrinh\ThucHanh\THKTLT_N2_T6_LeMinhNhut\THKTLT_N2_T6_LeMinhNhut\Debug\vc110.pdb
E:\NgonNguLapTrinh\KyThuatLapTrinh\ThucHanh\THKTLT_N2_T6_LeMinhNhut\Debug\BaiToanBaLo.pdb
E:\NgonNguLapTrinh\KyThuatLapTrinh\ThucHanh\THKTLT_N2_T6_LeMinhNhut\Debug\BaiToanBaLo.exe
E:\NgonNguLapTrinh\KyThuatLapTrinh\ThucHanh\THKTLT_N2_T6_LeMinhNhut\Debug\BaiToanBaLo.ilk
